<?xml version="1.0" encoding="UTF-8"?>
<!-- Generated by org.testng.reporters.JUnitReportReporter -->
<testsuite skipped="0" hostname="E0446840" name="PAYG_Simply.VoVs" tests="1" failures="0" timestamp="08 Oct 2019 16:14:30 GMT" time="10.816" errors="0">
  <testcase name="DashboardTC" time="10.816" classname="PAYG_Simply.VoVs"/>
</testsuite> <!-- PAYG_Simply.VoVs -->
