<?xml version="1.0" encoding="UTF-8"?>
<!-- Generated by org.testng.reporters.JUnitReportReporter -->
<testsuite skipped="0" hostname="E0446840" name="PAYG_Simply.NoAlertsVOV" tests="1" failures="0" timestamp="13 Oct 2019 12:49:23 GMT" time="9.065" errors="0">
  <testcase name="DashboardTC" time="9.065" classname="PAYG_Simply.NoAlertsVOV"/>
</testsuite> <!-- PAYG_Simply.NoAlertsVOV -->
